<?xml version="1.0" encoding="UTF-8"?>
<testng-results ignored="0" total="1" passed="1" failed="0" skipped="0">
  <reporter-output>
  </reporter-output>
  <suite started-at="2024-10-04T16:00:30 IST" name="Default suite" finished-at="2024-10-04T16:00:31 IST" duration-ms="608">
    <groups>
    </groups>
    <test started-at="2024-10-04T16:00:30 IST" name="Default test" finished-at="2024-10-04T16:00:31 IST" duration-ms="608">
      <class name="com.qc.testng.test.LoginTest">
        <test-method is-config="true" signature="doSetup()[pri:0, instance:com.qc.testng.test.LoginTest@26e356f0]" started-at="2024-10-04T16:00:28 IST" name="doSetup" finished-at="2024-10-04T16:00:30 IST" duration-ms="2159" status="PASS">
          <reporter-output>
          </reporter-output>
        </test-method> <!-- doSetup -->
        <test-method is-config="true" signature="Locateelement()[pri:0, instance:com.qc.testng.test.LoginTest@26e356f0]" started-at="2024-10-04T16:00:30 IST" name="Locateelement" finished-at="2024-10-04T16:00:30 IST" duration-ms="92" status="PASS">
          <reporter-output>
          </reporter-output>
        </test-method> <!-- Locateelement -->
        <test-method signature="doLogin()[pri:0, instance:com.qc.testng.test.LoginTest@26e356f0]" started-at="2024-10-04T16:00:30 IST" name="doLogin" finished-at="2024-10-04T16:00:30 IST" duration-ms="234" status="PASS">
          <reporter-output>
          </reporter-output>
        </test-method> <!-- doLogin -->
        <test-method is-config="true" signature="doAssert()[pri:0, instance:com.qc.testng.test.LoginTest@26e356f0]" started-at="2024-10-04T16:00:30 IST" name="doAssert" finished-at="2024-10-04T16:00:31 IST" duration-ms="255" status="PASS">
          <reporter-output>
          </reporter-output>
        </test-method> <!-- doAssert -->
        <test-method is-config="true" signature="tearDown()[pri:0, instance:com.qc.testng.test.LoginTest@26e356f0]" started-at="2024-10-04T16:00:31 IST" name="tearDown" finished-at="2024-10-04T16:00:31 IST" duration-ms="91" status="PASS">
          <reporter-output>
          </reporter-output>
        </test-method> <!-- tearDown -->
      </class> <!-- com.qc.testng.test.LoginTest -->
    </test> <!-- Default test -->
  </suite> <!-- Default suite -->
</testng-results>
